-------------------------------------------------------------------------------
Test set: TestSuite
-------------------------------------------------------------------------------
Tests run: 4, Failures: 1, Errors: 0, Skipped: 0, Time elapsed: 38.712 s <<< FAILURE! - in TestSuite
tearDownClass(CucumberDemo.TestNgRunner)  Time elapsed: 11.746 s  <<< FAILURE!
java.lang.RuntimeException: 
java.io.IOException: HTTP request failed:
> GET https://messages.cucumber.io/api/reports
< HTTP/1.1 401 Unauthorized
< X-Cache: Error from cloudfront
< x-amz-apigw-id: eOHd4GQ9iGYFv_A=
< Access-Control-Allow-Origin: https://reports.cucumber.io
< Access-Control-Allow-Methods: GET
< X-Amz-Cf-Pop: DEL51-P2
< Connection: keep-alive
< Date: Wed, 04 Jan 2023 13:58:10 GMT
< Access-Control-Allow-Headers: Content-Type,Authorization,X-Amz-Date,X-Api-Key,X-Amz-Security-Token
< X-Amzn-Trace-Id: Root=1-63b585f2-4504296955e5cca32428e839;Sampled=0
< Via: 1.1 a9f4e95593a368fed85a9befd33ac366.cloudfront.net (CloudFront)
< Cache-Control: private, no-cache, no-store, must-revalidate
< Access-Control-Allow-Credentials: true
< x-amzn-RequestId: 651fa99f-a18b-4648-9dd9-9ebf9b6508fe
< X-Amz-Cf-Id: Dk5HeviQZC_Frdz6-rd-drBhSWYf93BBC513T8Z9SblY3_rv3MbEEw==
< Content-Length: 627
< Content-Type: text/plain; charset=UTF-8
[31m[1m┌──────────────────────────────────────────────────────────────┐[0m
[31m[1m│[0m Invalid CUCUMBER_PUBLISH_TOKEN: [1msome-secret-token[0m            [31m[1m│[0m
[31m[1m│[0m Go to [1m[36m[4mhttps://reports.cucumber.io/profile[0m to get your token. [31m[1m│[0m
[31m[1m└──────────────────────────────────────────────────────────────┘[0m
Caused by: java.io.IOException: 
HTTP request failed:
> GET https://messages.cucumber.io/api/reports
< HTTP/1.1 401 Unauthorized
< X-Cache: Error from cloudfront
< x-amz-apigw-id: eOHd4GQ9iGYFv_A=
< Access-Control-Allow-Origin: https://reports.cucumber.io
< Access-Control-Allow-Methods: GET
< X-Amz-Cf-Pop: DEL51-P2
< Connection: keep-alive
< Date: Wed, 04 Jan 2023 13:58:10 GMT
< Access-Control-Allow-Headers: Content-Type,Authorization,X-Amz-Date,X-Api-Key,X-Amz-Security-Token
< X-Amzn-Trace-Id: Root=1-63b585f2-4504296955e5cca32428e839;Sampled=0
< Via: 1.1 a9f4e95593a368fed85a9befd33ac366.cloudfront.net (CloudFront)
< Cache-Control: private, no-cache, no-store, must-revalidate
< Access-Control-Allow-Credentials: true
< x-amzn-RequestId: 651fa99f-a18b-4648-9dd9-9ebf9b6508fe
< X-Amz-Cf-Id: Dk5HeviQZC_Frdz6-rd-drBhSWYf93BBC513T8Z9SblY3_rv3MbEEw==
< Content-Length: 627
< Content-Type: text/plain; charset=UTF-8
[31m[1m┌──────────────────────────────────────────────────────────────┐[0m
[31m[1m│[0m Invalid CUCUMBER_PUBLISH_TOKEN: [1msome-secret-token[0m            [31m[1m│[0m
[31m[1m│[0m Go to [1m[36m[4mhttps://reports.cucumber.io/profile[0m to get your token. [31m[1m│[0m
[31m[1m└──────────────────────────────────────────────────────────────┘[0m

